USE: Es un PalabraClave En Columna: 0 a Columna: 2 y Linea: 1
AdventureWorks2012: Es un Identificador En Columna: 4 a Columna: 21 y Linea: 1
;: Es un Puntuacion En Columna: 22 a Columna: 22 y Linea: 1
GO: Es un PalabraClave En Columna: 0 a Columna: 1 y Linea: 2
SELECT: Es un PalabraClave En Columna: 0 a Columna: 5 y Linea: 3
'Total income is': Es un Cadena En Columna: 7 a Columna: 23 y Linea: 3
(: Es un Puntuacion En Columna: 26 a Columna: 26 y Linea: 3
(: Es un Puntuacion En Columna: 27 a Columna: 27 y Linea: 3
OrderQty: Es un Identificador En Columna: 28 a Columna: 35 y Linea: 3
*: Es un Puntuacion En Columna: 37 a Columna: 37 y Linea: 3
UnitPrice: Es un Identificador En Columna: 39 a Columna: 47 y Linea: 3
): Es un Puntuacion En Columna: 48 a Columna: 48 y Linea: 3
*: Es un Puntuacion En Columna: 50 a Columna: 50 y Linea: 3
(: Es un Puntuacion En Columna: 52 a Columna: 52 y Linea: 3
1.0: Es un Float En Columna: 53 a Columna: 55 y Linea: 3
-: Es un Puntuacion En Columna: 57 a Columna: 57 y Linea: 3
UnitPriceDiscount: Es un Identificador En Columna: 59 a Columna: 75 y Linea: 3
): Es un Puntuacion En Columna: 76 a Columna: 76 y Linea: 3
): Es un Puntuacion En Columna: 77 a Columna: 77 y Linea: 3
' for ': Es un Cadena En Columna: 80 a Columna: 86 y Linea: 3
p: Es un Identificador En Columna: 0 a Columna: 0 y Linea: 4
.: Es un Puntuacion En Columna: 1 a Columna: 1 y Linea: 4
Name: Es un Identificador En Columna: 2 a Columna: 5 y Linea: 4
AS: Es un PalabraClave En Columna: 7 a Columna: 8 y Linea: 4
ProductName: Es un Identificador En Columna: 10 a Columna: 20 y Linea: 4
FROM: Es un PalabraClave En Columna: 0 a Columna: 3 y Linea: 5
Production: Es un Identificador En Columna: 5 a Columna: 14 y Linea: 5
.: Es un Puntuacion En Columna: 15 a Columna: 15 y Linea: 5
Product: Es un Identificador En Columna: 16 a Columna: 22 y Linea: 5
AS: Es un PalabraClave En Columna: 24 a Columna: 25 y Linea: 5
p: Es un Identificador En Columna: 27 a Columna: 27 y Linea: 5
INNER: Es un PalabraClave En Columna: 0 a Columna: 4 y Linea: 6
JOIN: Es un PalabraClave En Columna: 6 a Columna: 9 y Linea: 6
Sales: Es un Identificador En Columna: 11 a Columna: 15 y Linea: 6
.: Es un Puntuacion En Columna: 16 a Columna: 16 y Linea: 6
SalesOrderDetail: Es un Identificador En Columna: 17 a Columna: 32 y Linea: 6
AS: Es un PalabraClave En Columna: 34 a Columna: 35 y Linea: 6
sod: Es un Identificador En Columna: 37 a Columna: 39 y Linea: 6
ON: Es un PalabraClave En Columna: 0 a Columna: 1 y Linea: 7
p: Es un Identificador En Columna: 3 a Columna: 3 y Linea: 7
.: Es un Puntuacion En Columna: 4 a Columna: 4 y Linea: 7
ProductID: Es un Identificador En Columna: 5 a Columna: 13 y Linea: 7
=: Es un Puntuacion En Columna: 15 a Columna: 15 y Linea: 7
sod: Es un Identificador En Columna: 17 a Columna: 19 y Linea: 7
.: Es un Puntuacion En Columna: 20 a Columna: 20 y Linea: 7
ProductID: Es un Identificador En Columna: 21 a Columna: 29 y Linea: 7
ORDER: Es un PalabraClave En Columna: 0 a Columna: 4 y Linea: 8
BY: Es un PalabraClave En Columna: 6 a Columna: 7 y Linea: 8
ProductName: Es un Identificador En Columna: 9 a Columna: 19 y Linea: 8
ASC: Es un PalabraClave En Columna: 21 a Columna: 23 y Linea: 8
;: Es un Puntuacion En Columna: 24 a Columna: 24 y Linea: 8
GO: Es un PalabraClave En Columna: 0 a Columna: 1 y Linea: 12
Fin